2026-01-18 14:34:04,001 [1] INFO System.Windows.Forms.Form - OnDragEnter Form
2026-01-18 14:34:04,111 [1] INFO System.Windows.Forms.Form - OnDragEnter Panel1
2026-01-18 14:34:04,480 [1] INFO System.Windows.Forms.Form - Clean Filename:C:\Users\Dell\Downloads\DorcelClub.25.12.25.Candie.Luciani.And.Simon.Kitty.A.Persuasive.Businesswoman1080\DorcelClub.25.12.25.Candie.Luciani.And.Simon.Kitty.A.Persuasive.Businesswoman1080.sanet.st.mp4
2026-01-18 14:35:16,008 [1] INFO System.Windows.Forms.Form - File to Erase:N:\3D Figures\Comics\ZEZ Studio - Conan Statue and Bust\+NSFW.txt
2026-01-18 14:35:16,072 [1] INFO System.Windows.Forms.Form - File to Erase:N:\3D Figures\Comics\ZEZ Studio - Conan Statue and Bust\+NSFW.url
2026-01-18 14:35:16,125 [1] INFO System.Windows.Forms.Form - File to Erase:N:\3D Figures\Comics\ZEZ Studio - Conan Statue and Bust\Base.stl
2026-01-18 14:35:16,204 [1] INFO System.Windows.Forms.Form - File to Erase:N:\3D Figures\Comics\ZEZ Studio - Conan Statue and Bust\STL Anime.txt
2026-01-18 14:35:16,235 [1] INFO System.Windows.Forms.Form - File to Erase:N:\3D Figures\Comics\ZEZ Studio - Conan Statue and Bust\STL Comics.txt
2026-01-18 14:35:16,291 [1] INFO System.Windows.Forms.Form - File to Erase:N:\3D Figures\Comics\ZEZ Studio - Conan Statue and Bust\STL Game.txt
2026-01-18 14:35:16,344 [1] INFO System.Windows.Forms.Form - File to Erase:N:\3D Figures\Comics\ZEZ Studio - Conan Statue and Bust\SW.txt
2026-01-18 14:35:16,400 [1] INFO System.Windows.Forms.Form - File to Erase:N:\3D Figures\Comics\ZEZ Studio - Conan Statue and Bust\Vehicles3D.txt
2026-01-19 13:39:39,102 [1] INFO System.Windows.Forms.Form - OnDragEnter Form
2026-01-19 13:39:39,182 [1] INFO System.Windows.Forms.Form - OnDragEnter Panel1
2026-01-19 13:39:39,776 [1] INFO System.Windows.Forms.Form - Clean Filename:Z:\Paso\RS\Fuck_Me_Silly_4_2018
2026-01-19 13:44:28,335 [1] INFO System.Windows.Forms.Form - OnDragEnter Panel1
2026-01-19 13:44:28,850 [1] INFO System.Windows.Forms.Form - Clean Filename:C:\Users\Dell\Downloads\Telegram Desktop\TIE+Advanced+Kit+Card.rar
2026-01-19 13:44:32,253 [1] INFO System.Windows.Forms.Form - OnDragEnter Panel1
2026-01-19 13:44:32,605 [1] INFO System.Windows.Forms.Form - Clean Filename:C:\Users\Dell\Downloads\Telegram Desktop\TIE+Advanced+Kit+Card.rar
2026-01-19 13:44:34,693 [1] INFO System.Windows.Forms.Form - OnDragEnter Form
2026-01-19 13:44:34,745 [1] INFO System.Windows.Forms.Form - OnDragEnter Panel2
2026-01-19 15:37:41,992 [1] INFO System.Windows.Forms.Form - OnDragEnter Panel3
2026-01-19 15:37:42,025 [1] INFO System.Windows.Forms.Form - OnDragEnter Panel2
2026-01-19 15:37:42,165 [1] INFO System.Windows.Forms.Form - OnDragEnter Form
2026-01-19 15:37:42,208 [1] INFO System.Windows.Forms.Form - OnDragEnter Panel1
2026-01-19 15:37:43,485 [1] INFO System.Windows.Forms.Form - Clean Filename:O:\RS\Video\AssParade\AssParade.25.11.17.Lapaisita.Oficial.1080p\AssParade.25.11.17.Lapaisita.Oficial.1080p.sanet.st.mp4
2026-01-19 15:38:08,681 [1] INFO System.Windows.Forms.Form - OnDragEnter Form
2026-01-19 15:38:08,790 [1] INFO System.Windows.Forms.Form - OnDragEnter Panel2
2026-01-19 15:38:08,866 [1] INFO System.Windows.Forms.Form - OnDragEnter Form
2026-01-19 15:38:08,895 [1] INFO System.Windows.Forms.Form - OnDragEnter Panel1
2026-01-19 15:38:36,454 [1] INFO System.Windows.Forms.Form - Clean Filename:O:\RS\Video\Brazzers\brazzersexxtra 25 10 19 abigaiil morris and august skye sheer pleasure\brazzersexxtra.25.10.19.abigaiil.morris.and.august.skye.sheer.pleasure.sanet.st.mp4
2026-01-19 15:42:53,685 [1] INFO System.Windows.Forms.Form - OnDragEnter Panel1
2026-01-19 15:43:10,736 [1] INFO System.Windows.Forms.Form - Clean Filename:O:\RS\Video\Brazzers\BrazzersExxtra 25 11 17 Miss Lexa And Sav Shawz Let The Panties Hit The Floor 1080p\BrazzersExxtra.25.11.17.Miss.Lexa.And.Sav.Shawz.Let.The.Panties.Hit.The.Floor.1080p.sanet.st.mp4
2026-01-20 16:24:23,301 [1] INFO System.Windows.Forms.Form - OnDragEnter Panel3
2026-01-20 16:24:24,877 [1] INFO System.Windows.Forms.Form - File to Add Music extension:C:\Users\Dell\Downloads\BedtimeSdeluxe3\Madonna - Bedtime Stories - The Untold Chapter (Deluxe Edition) (2025)
2026-01-20 19:36:03,318 [1] INFO System.Windows.Forms.Form - File to Erase:Z:\3D Figures\Viking Predator - Killer of Killers By Creative Geek MB\grendel_viking_stl\Miniatures.STL
2026-01-20 19:36:12,554 [1] INFO System.Windows.Forms.Form - File to Erase:Z:\3D Figures\Viking Predator - Killer of Killers By Creative Geek MB\grendel_viking_stl\Pad.STL
2026-01-20 19:36:14,344 [1] INFO System.Windows.Forms.Form - File to Erase:Z:\3D Figures\Viking Predator - Killer of Killers By Creative Geek MB\grendel_viking_stl\SW.stl
2026-01-20 19:36:15,424 [1] INFO System.Windows.Forms.Form - File to Erase:Z:\3D Figures\Viking Predator - Killer of Killers By Creative Geek MB\grendel_viking_stl\WH40k.stl
2026-01-20 19:42:00,700 [1] INFO System.Windows.Forms.Form - File to Erase:Z:\3D Figures\Back To The Future 2 DeLorean 3D Model\3D Models.txt
2026-01-20 19:42:06,550 [1] INFO System.Windows.Forms.Form - File to Erase:Z:\3D Figures\Back To The Future 2 DeLorean 3D Model\Telegram- Contact @Daz3D_Free.url
2026-01-20 19:42:06,570 [1] INFO System.Windows.Forms.Form - File to Erase:Z:\3D Figures\Back To The Future 2 DeLorean 3D Model\Telegram- Contact @free_3dsky.url
2026-01-20 19:42:06,590 [1] INFO System.Windows.Forms.Form - File to Erase:Z:\3D Figures\Back To The Future 2 DeLorean 3D Model\Telegram- Contact @MotionFX_Free.url
2026-01-20 19:42:06,608 [1] INFO System.Windows.Forms.Form - File to Erase:Z:\3D Figures\Back To The Future 2 DeLorean 3D Model\Telegram- Contact CG Model.url
2026-01-20 19:43:39,392 [1] INFO System.Windows.Forms.Form - File to Erase:Z:\3D Figures\Back To The Future 2 DeLorean 3D Model\Desire FX - Find your Grapfix Desire With US.url
2026-01-20 19:44:04,223 [1] INFO System.Windows.Forms.Form - File to Erase:Z:\3D Figures\Ganesh Statue - 3D Print Model\STL Boost\Miniatures.stl
2026-01-20 19:44:04,353 [1] INFO System.Windows.Forms.Form - File to Erase:Z:\3D Figures\Ganesh Statue - 3D Print Model\STL Boost\pack.stl
2026-01-20 19:44:04,855 [1] INFO System.Windows.Forms.Form - File to Erase:Z:\3D Figures\Ganesh Statue - 3D Print Model\STL Boost\STL Me.url
2026-01-20 19:46:52,244 [1] INFO System.Windows.Forms.Form - File to Erase:Z:\3D Figures\Ganesh Statue - 3D Print Model\STL Boost\STL Boost.jpg
2026-01-20 19:46:52,268 [1] INFO System.Windows.Forms.Form - File to Erase:Z:\3D Figures\Ganesh Statue - 3D Print Model\STL Boost\STL Boost.txt
2026-01-20 19:46:52,660 [1] INFO System.Windows.Forms.Form - File to Erase:Z:\3D Figures\Ganesh Statue - 3D Print Model\STL Boost\STL Free.stl
2026-01-20 19:46:53,469 [1] INFO System.Windows.Forms.Form - File to Erase:Z:\3D Figures\Ganesh Statue - 3D Print Model\STL Boost\Telegram Channel Free Models.stl
2026-01-20 19:48:21,585 [1] INFO System.Windows.Forms.Form - File to Erase:Z:\3D Figures\Krishna Mother\Miniatures.stl
2026-01-20 19:48:21,739 [1] INFO System.Windows.Forms.Form - File to Erase:Z:\3D Figures\Krishna Mother\pack.stl
2026-01-20 19:48:21,839 [1] INFO System.Windows.Forms.Form - File to Erase:Z:\3D Figures\Krishna Mother\STL Boost.jpg
2026-01-20 19:48:21,898 [1] INFO System.Windows.Forms.Form - File to Erase:Z:\3D Figures\Krishna Mother\STL Boost.txt
2026-01-20 19:48:22,330 [1] INFO System.Windows.Forms.Form - File to Erase:Z:\3D Figures\Krishna Mother\STL Free.stl
2026-01-20 19:48:22,449 [1] INFO System.Windows.Forms.Form - File to Erase:Z:\3D Figures\Krishna Mother\STL Me.url
2026-01-20 19:48:23,298 [1] INFO System.Windows.Forms.Form - File to Erase:Z:\3D Figures\Krishna Mother\Telegram Channel Free Models.stl
2026-01-20 19:48:51,711 [1] INFO System.Windows.Forms.Form - File to Erase:Z:\3D Figures\Michael Jackson bust Grammy\STL Boost\Miniatures.stl
2026-01-20 19:48:51,785 [1] INFO System.Windows.Forms.Form - File to Erase:Z:\3D Figures\Michael Jackson bust Grammy\STL Boost\pack.stl
2026-01-20 19:48:51,859 [1] INFO System.Windows.Forms.Form - File to Erase:Z:\3D Figures\Michael Jackson bust Grammy\STL Boost\STL Boost.jpg
2026-01-20 19:48:51,918 [1] INFO System.Windows.Forms.Form - File to Erase:Z:\3D Figures\Michael Jackson bust Grammy\STL Boost\STL Boost.txt
2026-01-20 19:48:52,351 [1] INFO System.Windows.Forms.Form - File to Erase:Z:\3D Figures\Michael Jackson bust Grammy\STL Boost\STL Free.stl
2026-01-20 19:48:52,455 [1] INFO System.Windows.Forms.Form - File to Erase:Z:\3D Figures\Michael Jackson bust Grammy\STL Boost\STL Me.url
2026-01-20 19:48:53,389 [1] INFO System.Windows.Forms.Form - File to Erase:Z:\3D Figures\Michael Jackson bust Grammy\STL Boost\Telegram Channel Free Models.stl
2026-01-20 19:48:55,226 [1] INFO System.Windows.Forms.Form - File to Erase:Z:\3D Figures\Predator Spawn Helmet - 3D Print Model\STL\Dreadlocks\STL Anime.txt
2026-01-20 19:48:55,274 [1] INFO System.Windows.Forms.Form - File to Erase:Z:\3D Figures\Predator Spawn Helmet - 3D Print Model\STL\Dreadlocks\STL Comics.txt
2026-01-20 19:48:55,294 [1] INFO System.Windows.Forms.Form - File to Erase:Z:\3D Figures\Predator Spawn Helmet - 3D Print Model\STL\Dreadlocks\STL Game.txt
2026-01-20 19:48:55,312 [1] INFO System.Windows.Forms.Form - File to Erase:Z:\3D Figures\Predator Spawn Helmet - 3D Print Model\STL\Dreadlocks\STL Me.url
2026-01-20 19:48:58,427 [1] INFO System.Windows.Forms.Form - File to Erase:Z:\3D Figures\Predator Spawn Helmet - 3D Print Model\STL\Helmet\STL Anime.txt
2026-01-20 19:48:58,483 [1] INFO System.Windows.Forms.Form - File to Erase:Z:\3D Figures\Predator Spawn Helmet - 3D Print Model\STL\Helmet\STL Comics.txt
2026-01-20 19:48:58,504 [1] INFO System.Windows.Forms.Form - File to Erase:Z:\3D Figures\Predator Spawn Helmet - 3D Print Model\STL\Helmet\STL Game.txt
2026-01-20 19:48:58,524 [1] INFO System.Windows.Forms.Form - File to Erase:Z:\3D Figures\Predator Spawn Helmet - 3D Print Model\STL\Helmet\STL Me.url
2026-01-20 19:48:58,570 [1] INFO System.Windows.Forms.Form - File to Erase:Z:\3D Figures\Predator Spawn Helmet - 3D Print Model\STL\STL Boost\Miniatures.stl
2026-01-20 19:48:58,658 [1] INFO System.Windows.Forms.Form - File to Erase:Z:\3D Figures\Predator Spawn Helmet - 3D Print Model\STL\STL Boost\pack.stl
2026-01-20 19:48:58,702 [1] INFO System.Windows.Forms.Form - File to Erase:Z:\3D Figures\Predator Spawn Helmet - 3D Print Model\STL\STL Boost\STL Boost.jpg
2026-01-20 19:48:58,726 [1] INFO System.Windows.Forms.Form - File to Erase:Z:\3D Figures\Predator Spawn Helmet - 3D Print Model\STL\STL Boost\STL Boost.txt
2026-01-20 19:48:59,213 [1] INFO System.Windows.Forms.Form - File to Erase:Z:\3D Figures\Predator Spawn Helmet - 3D Print Model\STL\STL Boost\STL Free.stl
2026-01-20 19:48:59,284 [1] INFO System.Windows.Forms.Form - File to Erase:Z:\3D Figures\Predator Spawn Helmet - 3D Print Model\STL\STL Boost\STL Me.url
2026-01-20 19:49:00,215 [1] INFO System.Windows.Forms.Form - File to Erase:Z:\3D Figures\Predator Spawn Helmet - 3D Print Model\STL\STL Boost\Telegram Channel Free Models.stl
2026-01-20 19:50:28,635 [1] INFO System.Windows.Forms.Form - File to Erase:Z:\3D Figures\Tanuki Figures - Pennywise Chibi\No_Supported\STL Boost\Miniatures.stl
2026-01-20 19:50:28,810 [1] INFO System.Windows.Forms.Form - File to Erase:Z:\3D Figures\Tanuki Figures - Pennywise Chibi\No_Supported\STL Boost\pack.stl
2026-01-20 19:50:28,870 [1] INFO System.Windows.Forms.Form - File to Erase:Z:\3D Figures\Tanuki Figures - Pennywise Chibi\No_Supported\STL Boost\STL Boost.jpg
2026-01-20 19:50:28,927 [1] INFO System.Windows.Forms.Form - File to Erase:Z:\3D Figures\Tanuki Figures - Pennywise Chibi\No_Supported\STL Boost\STL Boost.txt
2026-01-20 19:50:29,521 [1] INFO System.Windows.Forms.Form - File to Erase:Z:\3D Figures\Tanuki Figures - Pennywise Chibi\No_Supported\STL Boost\STL Free.stl
2026-01-20 19:50:29,615 [1] INFO System.Windows.Forms.Form - File to Erase:Z:\3D Figures\Tanuki Figures - Pennywise Chibi\No_Supported\STL Boost\STL Me.url
2026-01-20 19:50:30,558 [1] INFO System.Windows.Forms.Form - File to Erase:Z:\3D Figures\Tanuki Figures - Pennywise Chibi\No_Supported\STL Boost\Telegram Channel Free Models.stl
2026-01-20 19:50:43,312 [1] INFO System.Windows.Forms.Form - File to Erase:Z:\3D Figures\Tanuki Figures - Pennywise Chibi\Supported\STL Boost\Miniatures.stl
2026-01-20 19:50:43,349 [1] INFO System.Windows.Forms.Form - File to Erase:Z:\3D Figures\Tanuki Figures - Pennywise Chibi\Supported\STL Boost\pack.stl
2026-01-20 19:50:43,392 [1] INFO System.Windows.Forms.Form - File to Erase:Z:\3D Figures\Tanuki Figures - Pennywise Chibi\Supported\STL Boost\STL Boost.jpg
2026-01-20 19:50:43,438 [1] INFO System.Windows.Forms.Form - File to Erase:Z:\3D Figures\Tanuki Figures - Pennywise Chibi\Supported\STL Boost\STL Boost.txt
2026-01-20 19:50:43,867 [1] INFO System.Windows.Forms.Form - File to Erase:Z:\3D Figures\Tanuki Figures - Pennywise Chibi\Supported\STL Boost\STL Free.stl
2026-01-20 19:50:43,890 [1] INFO System.Windows.Forms.Form - File to Erase:Z:\3D Figures\Tanuki Figures - Pennywise Chibi\Supported\STL Boost\STL Me.url
2026-01-20 19:50:44,770 [1] INFO System.Windows.Forms.Form - File to Erase:Z:\3D Figures\Tanuki Figures - Pennywise Chibi\Supported\STL Boost\Telegram Channel Free Models.stl
2026-01-20 19:50:52,288 [1] INFO System.Windows.Forms.Form - File to Erase:Z:\3D Figures\Tron Ares Helmet\STLs\STL Boost\Miniatures.stl
2026-01-20 19:50:52,406 [1] INFO System.Windows.Forms.Form - File to Erase:Z:\3D Figures\Tron Ares Helmet\STLs\STL Boost\pack.stl
2026-01-20 19:50:52,458 [1] INFO System.Windows.Forms.Form - File to Erase:Z:\3D Figures\Tron Ares Helmet\STLs\STL Boost\STL Boost.jpg
2026-01-20 19:50:52,495 [1] INFO System.Windows.Forms.Form - File to Erase:Z:\3D Figures\Tron Ares Helmet\STLs\STL Boost\STL Boost.txt
2026-01-20 19:50:52,978 [1] INFO System.Windows.Forms.Form - File to Erase:Z:\3D Figures\Tron Ares Helmet\STLs\STL Boost\STL Free.stl
2026-01-20 19:50:53,018 [1] INFO System.Windows.Forms.Form - File to Erase:Z:\3D Figures\Tron Ares Helmet\STLs\STL Boost\STL Me.url
2026-01-20 19:50:53,992 [1] INFO System.Windows.Forms.Form - File to Erase:Z:\3D Figures\Tron Ares Helmet\STLs\STL Boost\Telegram Channel Free Models.stl
2026-01-20 19:52:53,578 [1] INFO System.Windows.Forms.Form - OnDragEnter Panel4
2026-01-20 19:52:55,030 [1] INFO System.Windows.Forms.Form - Folder to renumering files:Z:\3D Figures\Sekai - Perona - One Piece Statue and Bust\Perona Statue (Images)
2026-01-22 16:17:54,203 [1] INFO System.Windows.Forms.Form - OnDragEnter Panel1
2026-01-22 16:17:55,823 [1] INFO System.Windows.Forms.Form - Clean Filename:C:\Users\Dell\Downloads\sanet.st.lntstdntr8
2026-01-22 16:18:24,255 [1] INFO System.Windows.Forms.Form - Clean Filename:C:\Users\Dell\Downloads\SANET.ST-Nightshift_Nurses_2_1996
2026-01-22 16:18:24,575 [1] INFO System.Windows.Forms.Form - Clean Filename:C:\Users\Dell\Downloads\BrazzersExxtra.26.01.22.Destiny.Mira.And.Cyber.Doll.Wingwoman.Secures.A.Threesome.1080p.sanet
2026-01-22 16:18:25,277 [1] INFO System.Windows.Forms.Form - Clean Filename:C:\Users\Dell\Downloads\SANET.ST-All_Natural_Tits_4_2017
2026-01-22 16:18:25,585 [1] INFO System.Windows.Forms.Form - Clean Filename:C:\Users\Dell\Downloads\Telegram Desktop
2026-01-22 16:18:25,890 [1] INFO System.Windows.Forms.Form - Clean Filename:C:\Users\Dell\Downloads\HornyHostel.26.01.22.Amalia.Davis.1080p.sanet
2026-01-22 16:36:33,568 [1] INFO System.Windows.Forms.Form - OnDragEnter Form
2026-01-22 16:36:33,579 [1] INFO System.Windows.Forms.Form - OnDragEnter Panel1
2026-01-22 16:36:35,038 [1] INFO System.Windows.Forms.Form - Clean Filename:C:\Users\Dell\Downloads\HornyHostel.26.01.22.Amalia.Davis.1080p\HornyHostel.26.01.22.Amalia.Davis.1080p.sanet.st.mp4
2026-01-22 16:36:54,870 [1] INFO System.Windows.Forms.Form - OnDragEnter Panel1
2026-01-22 16:36:56,426 [1] INFO System.Windows.Forms.Form - Clean Filename:C:\Users\Dell\Downloads\Sanet.st.Accion_Cine_Video_-_Enero_2026
2026-01-22 16:37:04,447 [1] INFO System.Windows.Forms.Form - OnDragEnter Form
2026-01-22 16:37:04,471 [1] INFO System.Windows.Forms.Form - OnDragEnter Panel1
2026-01-22 16:37:05,995 [1] INFO System.Windows.Forms.Form - Clean Filename:C:\Users\Dell\Downloads\Accion Cine Video - Enero 2026\Sanet.st.Accion_Cine_Video_-_Enero_2026.pdf
